<?xml version="1.0" encoding="UTF-8"?>
<testng-results ignored="0" total="1" passed="1" failed="0" skipped="0">
  <reporter-output>
  </reporter-output>
  <suite started-at="2023-07-24T16:43:16 IST" name="Default suite" finished-at="2023-07-24T16:43:16 IST" duration-ms="685">
    <groups>
    </groups>
    <test started-at="2023-07-24T16:43:16 IST" name="Default test" finished-at="2023-07-24T16:43:16 IST" duration-ms="685">
      <class name="StepDefinition.HelperClass">
        <test-method signature="getDataFromExcel()[pri:0, instance:StepDefinition.HelperClass@43dac38f]" started-at="2023-07-24T16:43:16 IST" name="getDataFromExcel" finished-at="2023-07-24T16:43:16 IST" duration-ms="651" status="PASS">
          <reporter-output>
          </reporter-output>
        </test-method> <!-- getDataFromExcel -->
      </class> <!-- StepDefinition.HelperClass -->
    </test> <!-- Default test -->
  </suite> <!-- Default suite -->
</testng-results>
